389 tests OK.

3 tests failed:
    test_asyncio test_concurrent_futures test_socket

24 tests skipped:
    test_dbm_gnu test_epoll test_gdb test_idle test_kqueue test_msilib
    test_ossaudiodev test_smtpnet test_socketserver test_startfile
    test_tcl test_timeout test_tix test_tk test_ttk_guionly
    test_ttk_textonly test_turtle test_urllib2net test_urllibnet
    test_winconsoleio test_winreg test_winsound test_xmlrpc_net
    test_zipfile64

Total duration: 20 min 58 sec
Tests result: FAILURE
gmake: *** [Makefile:1097: test] Error 2
